<?xml version="1.0" encoding="UTF-8"?>
<testsuite xmlns:xsi="http://www.w3.org/2001/XMLSchema-instance" xsi:noNamespaceSchemaLocation="https://maven.apache.org/surefire/maven-surefire-plugin/xsd/surefire-test-report.xsd" name="ru.lsan.conveyor.exception.RestExceptionHandlerTest" time="0.174" tests="3" errors="0" skipped="0" failures="0">
  <properties>
[...]
</properties>
  <testcase name="handleLoanDenialException" classname="ru.lsan.conveyor.exception.RestExceptionHandlerTest" time="0.078"/>
  <testcase name="handleIncorrectRequestParametersException" classname="ru.lsan.conveyor.exception.RestExceptionHandlerTest" time="0.045"/>
  <testcase name="handleHttpMessageNotReadableException" classname="ru.lsan.conveyor.exception.RestExceptionHandlerTest" time="0.023"/>
</testsuite>